[debug] [2023-01-24T20:14:47.724Z] ----------------------------------------------------------------------
[debug] [2023-01-24T20:14:47.744Z] Command:       C:\Program Files\nodejs\node.exe C:\Users\dheer\AppData\Roaming\npm\node_modules\firebase-tools\lib\bin\firebase.js init
[debug] [2023-01-24T20:14:47.746Z] CLI Version:   11.21.0
[debug] [2023-01-24T20:14:47.746Z] Platform:      win32
[debug] [2023-01-24T20:14:47.746Z] Node Version:  v16.16.0
[debug] [2023-01-24T20:14:48.699Z] Time:          Wed Jan 25 2023 01:44:47 GMT+0530 (India Standard Time)
[debug] [2023-01-24T20:14:48.700Z] ----------------------------------------------------------------------
[debug] 
[debug] [2023-01-24T20:14:49.023Z] > command requires scopes: ["email","openid","https://www.googleapis.com/auth/cloudplatformprojects.readonly","https://www.googleapis.com/auth/firebase","https://www.googleapis.com/auth/cloud-platform"]
[debug] [2023-01-24T20:14:49.025Z] > authorizing via signed-in user (dheerajk2aus@gmail.com)
[info] 
     ######## #### ########  ######## ########     ###     ######  ########
     ##        ##  ##     ## ##       ##     ##  ##   ##  ##       ##
     ######    ##  ########  ######   ########  #########  ######  ######
     ##        ##  ##    ##  ##       ##     ## ##     ##       ## ##
     ##       #### ##     ## ######## ########  ##     ##  ######  ########

You're about to initialize a Firebase project in this directory:

  C:\Users\dheer\Desktop\airbus1\Airbus-clone---React-Project---4ck20kfoobkg

Before we get started, keep in mind:

  * You are initializing within an existing Firebase project directory

